<?xml version="1.0" encoding="UTF-8"?>
<testsuite xmlns:xsi="http://www.w3.org/2001/XMLSchema-instance" xsi:noNamespaceSchemaLocation="https://maven.apache.org/surefire/maven-surefire-plugin/xsd/surefire-test-report.xsd" version="3.0.2" name="com.pg.pg_hostel_management.PgHostelManagementApplicationTests" time="3.827" tests="1" errors="0" skipped="0" failures="0">
  <properties>
[...]
</properties>
  <testcase name="contextLoads" classname="com.pg.pg_hostel_management.PgHostelManagementApplicationTests" time="0.509">
    <system-out><![CDATA[02:15:43.087 [main] INFO org.springframework.test.context.support.AnnotationConfigContextLoaderUtils -- Could not detect default configuration classes for test class [com.pg.pg_hostel_management.PgHostelManagementApplicationTests]: PgHostelManagementApplicationTests does not declare any static, non-private, non-final, nested classes annotated with @Configuration.
02:15:43.209 [main] INFO org.springframework.boot.test.context.SpringBootTestContextBootstrapper -- Found @SpringBootConfiguration com.pg.pg_hostel_management.PgHostelManagementApplication for test class com.pg.pg_hostel_management.PgHostelManagementApplicationTests

  .   ____          _            __ _ _
 /\\ / ___'_ __ _ _(_)_ __  __ _ \ \ \ \
( ( )\___ | '_ | '_| | '_ \/ _` | \ \ \ \
 \\/  ___)| |_)| | | | | || (_| |  ) ) ) )
  '  |____| .__|_| |_|_| |_\__, | / / / /
 =========|_|==============|___/=/_/_/_/

 :: Spring Boot ::                (v4.0.1)

2025-12-31T02:15:43.583+08:00  INFO 6710 --- [pg-hostel-management] [           main] c.p.p.PgHostelManagementApplicationTests : Starting PgHostelManagementApplicationTests using Java 21.0.8 with PID 6710 (started by ramm in /Users/ramm/pg-hostel-management)
2025-12-31T02:15:43.584+08:00  INFO 6710 --- [pg-hostel-management] [           main] c.p.p.PgHostelManagementApplicationTests : No active profile set, falling back to 1 default profile: "default"
2025-12-31T02:15:44.132+08:00  INFO 6710 --- [pg-hostel-management] [           main] .s.d.r.c.RepositoryConfigurationDelegate : Bootstrapping Spring Data JPA repositories in DEFAULT mode.
2025-12-31T02:15:44.154+08:00  INFO 6710 --- [pg-hostel-management] [           main] .s.d.r.c.RepositoryConfigurationDelegate : Finished Spring Data repository scanning in 12 ms. Found 0 JPA repository interfaces.
2025-12-31T02:15:44.437+08:00  INFO 6710 --- [pg-hostel-management] [           main] com.zaxxer.hikari.HikariDataSource       : HikariPool-1 - Starting...
2025-12-31T02:15:44.633+08:00  INFO 6710 --- [pg-hostel-management] [           main] com.zaxxer.hikari.pool.HikariPool        : HikariPool-1 - Added connection conn0: url=jdbc:h2:mem:ea9c74f0-f930-4cad-857b-462000a27be8 user=SA
2025-12-31T02:15:44.634+08:00  INFO 6710 --- [pg-hostel-management] [           main] com.zaxxer.hikari.HikariDataSource       : HikariPool-1 - Start completed.
2025-12-31T02:15:44.666+08:00  INFO 6710 --- [pg-hostel-management] [           main] org.hibernate.orm.jpa                    : HHH008540: Processing PersistenceUnitInfo [name: default]
2025-12-31T02:15:44.729+08:00  INFO 6710 --- [pg-hostel-management] [           main] org.hibernate.orm.core                   : HHH000001: Hibernate ORM core version 7.2.0.Final
2025-12-31T02:15:45.179+08:00  INFO 6710 --- [pg-hostel-management] [           main] o.s.o.j.p.SpringPersistenceUnitInfo      : No LoadTimeWeaver setup: ignoring JPA class transformer
2025-12-31T02:15:45.260+08:00  INFO 6710 --- [pg-hostel-management] [           main] org.hibernate.orm.connections.pooling    : HHH10001005: Database info:
	Database JDBC URL [jdbc:h2:mem:ea9c74f0-f930-4cad-857b-462000a27be8]
	Database driver: H2 JDBC Driver
	Database dialect: H2Dialect
	Database version: 2.4.240
	Default catalog/schema: EA9C74F0-F930-4CAD-857B-462000A27BE8/PUBLIC
	Autocommit mode: undefined/unknown
	Isolation level: READ_COMMITTED [default READ_COMMITTED]
	JDBC fetch size: 100
	Pool: DataSourceConnectionProvider
	Minimum pool size: undefined/unknown
	Maximum pool size: undefined/unknown
2025-12-31T02:15:45.669+08:00  INFO 6710 --- [pg-hostel-management] [           main] org.hibernate.orm.core                   : HHH000489: No JTA platform available (set 'hibernate.transaction.jta.platform' to enable JTA platform integration)
2025-12-31T02:15:45.676+08:00  INFO 6710 --- [pg-hostel-management] [           main] j.LocalContainerEntityManagerFactoryBean : Initialized JPA EntityManagerFactory for persistence unit 'default'
2025-12-31T02:15:45.767+08:00  WARN 6710 --- [pg-hostel-management] [           main] JpaBaseConfiguration$JpaWebConfiguration : spring.jpa.open-in-view is enabled by default. Therefore, database queries may be performed during view rendering. Explicitly configure spring.jpa.open-in-view to disable this warning
2025-12-31T02:15:46.215+08:00  INFO 6710 --- [pg-hostel-management] [           main] c.p.p.PgHostelManagementApplicationTests : Started PgHostelManagementApplicationTests in 2.848 seconds (process running for 3.968)
]]></system-out>
    <system-err><![CDATA[Mockito is currently self-attaching to enable the inline-mock-maker. This will no longer work in future releases of the JDK. Please add Mockito as an agent to your build as described in Mockito's documentation: https://javadoc.io/doc/org.mockito/mockito-core/latest/org.mockito/org/mockito/Mockito.html#0.3
WARNING: A Java agent has been loaded dynamically (/Users/ramm/.m2/repository/net/bytebuddy/byte-buddy-agent/1.17.8/byte-buddy-agent-1.17.8.jar)
WARNING: If a serviceability tool is in use, please run with -XX:+EnableDynamicAgentLoading to hide this warning
WARNING: If a serviceability tool is not in use, please run with -Djdk.instrument.traceUsage for more information
WARNING: Dynamic loading of agents will be disallowed by default in a future release
]]></system-err>
  </testcase>
</testsuite>